<?xml version="1.0" encoding="UTF-8"?>
<!-- Generated by org.testng.reporters.JUnitXMLReporter -->
<testsuite ignored="0" hostname="DESKTOP-CLJ89F1" failures="0" tests="3" name="Submit Order Test" time="34.104" errors="0" timestamp="2026-05-30T20:44:07 IST">
  <testcase classname="Testsite.SubmitOrder" name="submitOrder" time="3.487"/>
  <testcase classname="Testsite.SubmitOrder" name="submitOrder" time="3.446"/>
  <testcase classname="Testsite.SubmitOrder" name="checkOrderHistory" time="1.126"/>
</testsuite> <!-- Submit Order Test -->
