<?xml version="1.0" encoding="UTF-8"?>
<!-- Generated by org.testng.reporters.JUnitXMLReporter -->
<testsuite ignored="0" hostname="DESKTOP-CLJ89F1" failures="0" tests="3" name="Submit Order Test" time="16.011" errors="0" timestamp="2026-05-30T21:13:04 IST">
  <testcase classname="Testsite.SubmitOrder" name="submitOrder" time="3.593"/>
  <testcase classname="Testsite.SubmitOrder" name="submitOrder" time="3.398"/>
  <testcase classname="Testsite.SubmitOrder" name="checkOrderHistory" time="0.98"/>
</testsuite> <!-- Submit Order Test -->
