<?xml version="1.0" encoding="UTF-8"?>
<!-- Generated by org.testng.reporters.JUnitXMLReporter -->
<testsuite ignored="0" hostname="DESKTOP-CLJ89F1" failures="1" tests="3" name="Error Validation Test" time="17.873" errors="0" timestamp="2026-05-29T17:06:40 IST">
  <testcase classname="Testsite.ErrorValidation" name="loginErrorValidation" time="0.677">
    <skipped/>
  </testcase> <!-- loginErrorValidation -->
  <testcase classname="Testsite.ErrorValidation" name="loginErrorValidation" time="0.869">
    <failure type="java.lang.AssertionError" message="expected [Incorrect email or password.] but found [Incorrect emai or password.]">
      <![CDATA[java.lang.AssertionError: expected [Incorrect email or password.] but found [Incorrect emai or password.]
at Testsite.ErrorValidation.loginErrorValidation(ErrorValidation.java:35)
at java.base/java.util.ArrayList.forEach(ArrayList.java:1596)
at java.base/java.util.concurrent.FutureTask.run(FutureTask.java:317)
at java.base/java.util.concurrent.ThreadPoolExecutor.runWorker(ThreadPoolExecutor.java:1144)
at java.base/java.util.concurrent.ThreadPoolExecutor$Worker.run(ThreadPoolExecutor.java:642)
at java.base/java.lang.Thread.run(Thread.java:1583)
... Removed 21 stack frames]]>
    </failure>
  </testcase> <!-- loginErrorValidation -->
  <testcase classname="Testsite.ErrorValidation" name="productErrorValidation" time="3.007"/>
</testsuite> <!-- Error Validation Test -->
