<?xml version="1.0" encoding="UTF-8"?>
<!-- Generated by org.testng.reporters.JUnitXMLReporter -->
<testsuite ignored="0" hostname="DESKTOP-CLJ89F1" failures="0" tests="3" name="Submit Order Test" time="18.181" errors="0" timestamp="2026-05-29T17:06:40 IST">
  <testcase classname="Testsite.standaloneTest" name="submitOrder" time="3.685"/>
  <testcase classname="Testsite.standaloneTest" name="submitOrder" time="3.569"/>
  <testcase classname="Testsite.standaloneTest" name="checkOrderHistory" time="0.93"/>
</testsuite> <!-- Submit Order Test -->
