<?xml version="1.0" encoding="UTF-8"?>
<testng-results ignored="0" total="5" passed="5" failed="0" skipped="0">
  <reporter-output>
  </reporter-output>
  <suite started-at="2026-05-30T21:12:48 IST" name="Suite" finished-at="2026-05-30T21:13:08 IST" duration-ms="20428">
    <groups>
      <group name="ErrorHandling">
        <method signature="ErrorValidation.loginErrorValidation()[pri:0, instance:Testsite.ErrorValidation@1fd14d74]" name="loginErrorValidation" class="Testsite.ErrorValidation"/>
      </group> <!-- ErrorHandling -->
      <group name="purchaseOrder">
        <method signature="SubmitOrder.submitOrder(java.util.HashMap)[pri:0, instance:Testsite.SubmitOrder@4fa1c212]" name="submitOrder" class="Testsite.SubmitOrder"/>
      </group> <!-- purchaseOrder -->
    </groups>
    <test started-at="2026-05-30T21:12:48 IST" name="Submit Order Test" finished-at="2026-05-30T21:13:04 IST" duration-ms="16011">
      <class name="Testsite.SubmitOrder">
        <test-method is-config="true" signature="launchBrowser()[pri:0, instance:Testsite.SubmitOrder@4fa1c212]" started-at="2026-05-30T21:12:48 IST" name="launchBrowser" finished-at="2026-05-30T21:12:51 IST" duration-ms="2826" status="PASS">
          <reporter-output>
          </reporter-output>
        </test-method> <!-- launchBrowser -->
        <test-method signature="submitOrder(java.util.HashMap)[pri:0, instance:Testsite.SubmitOrder@4fa1c212]" started-at="2026-05-30T21:12:51 IST" name="submitOrder" data-provider="getData" finished-at="2026-05-30T21:12:55 IST" duration-ms="3593" status="PASS">
          <params>
            <param index="0">
              <value>
                <![CDATA[{mail=mukti@myemail.com, pswd=Abc&xyz123, productName=ADIDAS ORIGINAL}]]>
              </value>
            </param>
          </params>
          <reporter-output>
          </reporter-output>
        </test-method> <!-- submitOrder -->
        <test-method is-config="true" signature="tearDown()[pri:0, instance:Testsite.SubmitOrder@4fa1c212]" started-at="2026-05-30T21:12:55 IST" name="tearDown" finished-at="2026-05-30T21:12:55 IST" duration-ms="366" status="PASS">
          <reporter-output>
          </reporter-output>
        </test-method> <!-- tearDown -->
        <test-method is-config="true" signature="launchBrowser()[pri:0, instance:Testsite.SubmitOrder@4fa1c212]" started-at="2026-05-30T21:12:55 IST" name="launchBrowser" finished-at="2026-05-30T21:12:57 IST" duration-ms="1636" status="PASS">
          <reporter-output>
          </reporter-output>
        </test-method> <!-- launchBrowser -->
        <test-method signature="submitOrder(java.util.HashMap)[pri:0, instance:Testsite.SubmitOrder@4fa1c212]" started-at="2026-05-30T21:12:57 IST" name="submitOrder" data-provider="getData" finished-at="2026-05-30T21:13:00 IST" duration-ms="3398" status="PASS">
          <params>
            <param index="0">
              <value>
                <![CDATA[{mail=nandini@mymail.com, pswd=Abc&xyz123, productName=ZARA COAT 3}]]>
              </value>
            </param>
          </params>
          <reporter-output>
          </reporter-output>
        </test-method> <!-- submitOrder -->
        <test-method is-config="true" signature="tearDown()[pri:0, instance:Testsite.SubmitOrder@4fa1c212]" started-at="2026-05-30T21:13:00 IST" name="tearDown" finished-at="2026-05-30T21:13:01 IST" duration-ms="472" status="PASS">
          <reporter-output>
          </reporter-output>
        </test-method> <!-- tearDown -->
        <test-method is-config="true" signature="launchBrowser()[pri:0, instance:Testsite.SubmitOrder@4fa1c212]" started-at="2026-05-30T21:13:01 IST" name="launchBrowser" finished-at="2026-05-30T21:13:03 IST" duration-ms="2084" status="PASS">
          <reporter-output>
          </reporter-output>
        </test-method> <!-- launchBrowser -->
        <test-method signature="checkOrderHistory()[pri:0, instance:Testsite.SubmitOrder@4fa1c212]" started-at="2026-05-30T21:13:03 IST" name="checkOrderHistory" finished-at="2026-05-30T21:13:04 IST" depends-on-methods="Testsite.SubmitOrder.submitOrder" duration-ms="980" status="PASS">
          <reporter-output>
          </reporter-output>
        </test-method> <!-- checkOrderHistory -->
        <test-method is-config="true" signature="tearDown()[pri:0, instance:Testsite.SubmitOrder@4fa1c212]" started-at="2026-05-30T21:13:04 IST" name="tearDown" finished-at="2026-05-30T21:13:04 IST" duration-ms="284" status="PASS">
          <reporter-output>
          </reporter-output>
        </test-method> <!-- tearDown -->
      </class> <!-- Testsite.SubmitOrder -->
    </test> <!-- Submit Order Test -->
    <test started-at="2026-05-30T21:12:48 IST" name="Error Validation Test" finished-at="2026-05-30T21:13:08 IST" duration-ms="20428">
      <class name="Testsite.ErrorValidation">
        <test-method is-config="true" signature="launchBrowser()[pri:0, instance:Testsite.ErrorValidation@1fd14d74]" started-at="2026-05-30T21:12:48 IST" name="launchBrowser" finished-at="2026-05-30T21:12:57 IST" duration-ms="8775" status="PASS">
          <reporter-output>
          </reporter-output>
        </test-method> <!-- launchBrowser -->
        <test-method signature="loginErrorValidation()[pri:0, instance:Testsite.ErrorValidation@1fd14d74]" started-at="2026-05-30T21:12:57 IST" name="loginErrorValidation" finished-at="2026-05-30T21:12:58 IST" duration-ms="1117" status="PASS">
          <reporter-output>
          </reporter-output>
        </test-method> <!-- loginErrorValidation -->
        <test-method is-config="true" signature="tearDown()[pri:0, instance:Testsite.ErrorValidation@1fd14d74]" started-at="2026-05-30T21:12:58 IST" name="tearDown" finished-at="2026-05-30T21:13:00 IST" duration-ms="1903" status="PASS">
          <reporter-output>
          </reporter-output>
        </test-method> <!-- tearDown -->
        <test-method is-config="true" signature="launchBrowser()[pri:0, instance:Testsite.ErrorValidation@1fd14d74]" started-at="2026-05-30T21:13:00 IST" name="launchBrowser" finished-at="2026-05-30T21:13:06 IST" duration-ms="5786" status="PASS">
          <reporter-output>
          </reporter-output>
        </test-method> <!-- launchBrowser -->
        <test-method signature="productErrorValidation()[pri:0, instance:Testsite.ErrorValidation@1fd14d74]" started-at="2026-05-30T21:13:06 IST" name="productErrorValidation" finished-at="2026-05-30T21:13:08 IST" duration-ms="2412" status="PASS">
          <reporter-output>
          </reporter-output>
        </test-method> <!-- productErrorValidation -->
        <test-method is-config="true" signature="tearDown()[pri:0, instance:Testsite.ErrorValidation@1fd14d74]" started-at="2026-05-30T21:13:08 IST" name="tearDown" finished-at="2026-05-30T21:13:08 IST" duration-ms="369" status="PASS">
          <reporter-output>
          </reporter-output>
        </test-method> <!-- tearDown -->
      </class> <!-- Testsite.ErrorValidation -->
    </test> <!-- Error Validation Test -->
  </suite> <!-- Suite -->
</testng-results>
