<?xml version="1.0" encoding="UTF-8"?>
<testng-results ignored="0" total="5" passed="5" failed="0" skipped="0">
  <reporter-output>
  </reporter-output>
  <suite started-at="2026-05-31T10:54:47 IST" name="Suite" finished-at="2026-05-31T10:55:06 IST" duration-ms="18828">
    <groups>
      <group name="ErrorHandling">
        <method signature="ErrorValidation.loginErrorValidation()[pri:0, instance:Testsite.ErrorValidation@1fd14d74]" name="loginErrorValidation" class="Testsite.ErrorValidation"/>
      </group> <!-- ErrorHandling -->
      <group name="purchaseOrder">
        <method signature="SubmitOrder.submitOrder(java.util.HashMap)[pri:0, instance:Testsite.SubmitOrder@4fa1c212]" name="submitOrder" class="Testsite.SubmitOrder"/>
      </group> <!-- purchaseOrder -->
    </groups>
    <test started-at="2026-05-31T10:54:47 IST" name="Error Validation Test" finished-at="2026-05-31T10:54:58 IST" duration-ms="10899">
      <class name="Testsite.ErrorValidation">
        <test-method is-config="true" signature="launchBrowser()[pri:0, instance:Testsite.ErrorValidation@1fd14d74]" started-at="2026-05-31T10:54:47 IST" name="launchBrowser" finished-at="2026-05-31T10:54:52 IST" duration-ms="5058" status="PASS">
          <reporter-output>
          </reporter-output>
        </test-method> <!-- launchBrowser -->
        <test-method signature="loginErrorValidation()[pri:0, instance:Testsite.ErrorValidation@1fd14d74]" started-at="2026-05-31T10:54:52 IST" name="loginErrorValidation" finished-at="2026-05-31T10:54:53 IST" duration-ms="1103" status="PASS">
          <reporter-output>
          </reporter-output>
        </test-method> <!-- loginErrorValidation -->
        <test-method is-config="true" signature="tearDown()[pri:0, instance:Testsite.ErrorValidation@1fd14d74]" started-at="2026-05-31T10:54:53 IST" name="tearDown" finished-at="2026-05-31T10:54:53 IST" duration-ms="257" status="PASS">
          <reporter-output>
          </reporter-output>
        </test-method> <!-- tearDown -->
        <test-method is-config="true" signature="launchBrowser()[pri:0, instance:Testsite.ErrorValidation@1fd14d74]" started-at="2026-05-31T10:54:53 IST" name="launchBrowser" finished-at="2026-05-31T10:54:55 IST" duration-ms="1219" status="PASS">
          <reporter-output>
          </reporter-output>
        </test-method> <!-- launchBrowser -->
        <test-method signature="productErrorValidation()[pri:0, instance:Testsite.ErrorValidation@1fd14d74]" started-at="2026-05-31T10:54:55 IST" name="productErrorValidation" finished-at="2026-05-31T10:54:58 IST" duration-ms="2978" status="PASS">
          <reporter-output>
          </reporter-output>
        </test-method> <!-- productErrorValidation -->
        <test-method is-config="true" signature="tearDown()[pri:0, instance:Testsite.ErrorValidation@1fd14d74]" started-at="2026-05-31T10:54:58 IST" name="tearDown" finished-at="2026-05-31T10:54:58 IST" duration-ms="211" status="PASS">
          <reporter-output>
          </reporter-output>
        </test-method> <!-- tearDown -->
      </class> <!-- Testsite.ErrorValidation -->
    </test> <!-- Error Validation Test -->
    <test started-at="2026-05-31T10:54:47 IST" name="Submit Order Test" finished-at="2026-05-31T10:55:06 IST" duration-ms="18828">
      <class name="Testsite.SubmitOrder">
        <test-method is-config="true" signature="launchBrowser()[pri:0, instance:Testsite.SubmitOrder@4fa1c212]" started-at="2026-05-31T10:54:47 IST" name="launchBrowser" finished-at="2026-05-31T10:54:52 IST" duration-ms="4283" status="PASS">
          <reporter-output>
          </reporter-output>
        </test-method> <!-- launchBrowser -->
        <test-method signature="submitOrder(java.util.HashMap)[pri:0, instance:Testsite.SubmitOrder@4fa1c212]" started-at="2026-05-31T10:54:52 IST" name="submitOrder" data-provider="getData" finished-at="2026-05-31T10:54:55 IST" duration-ms="3854" status="PASS">
          <params>
            <param index="0">
              <value>
                <![CDATA[{mail=mukti@myemail.com, pswd=Abc&xyz123, productName=ADIDAS ORIGINAL}]]>
              </value>
            </param>
          </params>
          <reporter-output>
          </reporter-output>
        </test-method> <!-- submitOrder -->
        <test-method is-config="true" signature="tearDown()[pri:0, instance:Testsite.SubmitOrder@4fa1c212]" started-at="2026-05-31T10:54:55 IST" name="tearDown" finished-at="2026-05-31T10:54:56 IST" duration-ms="278" status="PASS">
          <reporter-output>
          </reporter-output>
        </test-method> <!-- tearDown -->
        <test-method is-config="true" signature="launchBrowser()[pri:0, instance:Testsite.SubmitOrder@4fa1c212]" started-at="2026-05-31T10:54:56 IST" name="launchBrowser" finished-at="2026-05-31T10:54:58 IST" duration-ms="2559" status="PASS">
          <reporter-output>
          </reporter-output>
        </test-method> <!-- launchBrowser -->
        <test-method signature="submitOrder(java.util.HashMap)[pri:0, instance:Testsite.SubmitOrder@4fa1c212]" started-at="2026-05-31T10:54:58 IST" name="submitOrder" data-provider="getData" finished-at="2026-05-31T10:55:01 IST" duration-ms="3009" status="PASS">
          <params>
            <param index="0">
              <value>
                <![CDATA[{mail=nandini@mymail.com, pswd=Abc&xyz123, productName=ZARA COAT 3}]]>
              </value>
            </param>
          </params>
          <reporter-output>
          </reporter-output>
        </test-method> <!-- submitOrder -->
        <test-method is-config="true" signature="tearDown()[pri:0, instance:Testsite.SubmitOrder@4fa1c212]" started-at="2026-05-31T10:55:01 IST" name="tearDown" finished-at="2026-05-31T10:55:02 IST" duration-ms="286" status="PASS">
          <reporter-output>
          </reporter-output>
        </test-method> <!-- tearDown -->
        <test-method is-config="true" signature="launchBrowser()[pri:0, instance:Testsite.SubmitOrder@4fa1c212]" started-at="2026-05-31T10:55:02 IST" name="launchBrowser" finished-at="2026-05-31T10:55:05 IST" duration-ms="3094" status="PASS">
          <reporter-output>
          </reporter-output>
        </test-method> <!-- launchBrowser -->
        <test-method signature="checkOrderHistory()[pri:0, instance:Testsite.SubmitOrder@4fa1c212]" started-at="2026-05-31T10:55:05 IST" name="checkOrderHistory" finished-at="2026-05-31T10:55:06 IST" depends-on-methods="Testsite.SubmitOrder.submitOrder" duration-ms="834" status="PASS">
          <reporter-output>
          </reporter-output>
        </test-method> <!-- checkOrderHistory -->
        <test-method is-config="true" signature="tearDown()[pri:0, instance:Testsite.SubmitOrder@4fa1c212]" started-at="2026-05-31T10:55:06 IST" name="tearDown" finished-at="2026-05-31T10:55:06 IST" duration-ms="247" status="PASS">
          <reporter-output>
          </reporter-output>
        </test-method> <!-- tearDown -->
      </class> <!-- Testsite.SubmitOrder -->
    </test> <!-- Submit Order Test -->
  </suite> <!-- Suite -->
</testng-results>
