<?xml version="1.0" encoding="UTF-8"?>
<!-- Generated by org.testng.reporters.JUnitReportReporter -->
<testsuite hostname="DESKTOP-CLJ89F1" failures="0" tests="2" name="Testsite.ErrorValidation" time="20.362" errors="0" timestamp="2026-05-30T21:13:09 IST" skipped="0">
  <testcase classname="Testsite.ErrorValidation" name="productErrorValidation" time="11.556"/>
  <testcase classname="Testsite.ErrorValidation" name="loginErrorValidation" time="8.806"/>
</testsuite> <!-- Testsite.ErrorValidation -->
