<?xml version="1.0" encoding="UTF-8"?>
<!-- Generated by org.testng.reporters.JUnitReportReporter -->
<testsuite hostname="DESKTOP-CLJ89F1" failures="0" tests="3" name="Testsite.SubmitOrder" time="16.523" errors="0" timestamp="2026-05-30T21:02:53 IST" skipped="0">
  <testcase classname="Testsite.SubmitOrder" name="submitOrder" time="7.037"/>
  <testcase classname="Testsite.SubmitOrder" name="submitOrder" time="6.644"/>
  <testcase classname="Testsite.SubmitOrder" name="checkOrderHistory" time="2.842"/>
</testsuite> <!-- Testsite.SubmitOrder -->
