<?xml version="1.0" encoding="UTF-8"?>
<!-- Generated by org.testng.reporters.JUnitReportReporter -->
<testsuite hostname="DESKTOP-CLJ89F1" failures="0" tests="3" name="Testsite.standaloneTest" time="17.086" errors="0" timestamp="2026-05-29T13:19:34 IST" skipped="0">
  <testcase classname="Testsite.standaloneTest" name="checkOrderHistory" time="4.749"/>
  <testcase classname="Testsite.standaloneTest" name="submitOrder" time="5.256"/>
  <testcase classname="Testsite.standaloneTest" name="submitOrder" time="7.081"/>
</testsuite> <!-- Testsite.standaloneTest -->
