<?xml version="1.0" encoding="UTF-8"?>
<!-- Generated by org.testng.reporters.JUnitReportReporter -->
<testsuite hostname="DESKTOP-CLJ89F1" failures="0" tests="2" name="Testsite.ErrorValidation" time="8.921" errors="0" timestamp="2026-05-30T20:44:08 IST" skipped="0">
  <testcase classname="Testsite.ErrorValidation" name="loginErrorValidation" time="2.993"/>
  <testcase classname="Testsite.ErrorValidation" name="productErrorValidation" time="5.928"/>
</testsuite> <!-- Testsite.ErrorValidation -->
