<?xml version="1.0" encoding="UTF-8"?>
<!-- Generated by org.testng.reporters.JUnitReportReporter -->
<testsuite hostname="DESKTOP-CLJ89F1" failures="0" tests="3" name="Testsite.SubmitOrder" time="33.753" errors="0" timestamp="2026-05-30T20:44:08 IST" skipped="0">
  <testcase classname="Testsite.SubmitOrder" name="submitOrder" time="24.087"/>
  <testcase classname="Testsite.SubmitOrder" name="checkOrderHistory" time="4.263"/>
  <testcase classname="Testsite.SubmitOrder" name="submitOrder" time="5.403"/>
</testsuite> <!-- Testsite.SubmitOrder -->
