<?xml version="1.0" encoding="UTF-8"?>
<!-- Generated by org.testng.reporters.JUnitReportReporter -->
<testsuite hostname="DESKTOP-CLJ89F1" failures="0" tests="3" name="Testsite.standaloneTest" time="17.836" errors="0" timestamp="2026-05-29T17:06:40 IST" skipped="0">
  <testcase classname="Testsite.standaloneTest" name="submitOrder" time="6.796"/>
  <testcase classname="Testsite.standaloneTest" name="checkOrderHistory" time="4.334"/>
  <testcase classname="Testsite.standaloneTest" name="submitOrder" time="6.706"/>
</testsuite> <!-- Testsite.standaloneTest -->
